2024-09-24T19:31:55.241+07:00  INFO 25204 --- [Aplikasi APIstudycase Springbeaidil] [main] s.s.controller.EmployeeControllerTest    : Starting EmployeeControllerTest using Java 22.0.2 with PID 25204 (started by Aidil Adam in E:\Study Case BE PT. Energi Jaring Komunikasi\aplikasi-apistudycase-springbeaidil\aplikasi-apistudycase-springbeaidil)
2024-09-24T19:31:55.289+07:00  INFO 25204 --- [Aplikasi APIstudycase Springbeaidil] [main] s.s.controller.EmployeeControllerTest    : No active profile set, falling back to 1 default profile: "default"
2024-09-24T19:31:56.589+07:00  INFO 25204 --- [Aplikasi APIstudycase Springbeaidil] [main] .s.d.r.c.RepositoryConfigurationDelegate : Bootstrapping Spring Data JPA repositories in DEFAULT mode.
2024-09-24T19:31:56.668+07:00  INFO 25204 --- [Aplikasi APIstudycase Springbeaidil] [main] .s.d.r.c.RepositoryConfigurationDelegate : Finished Spring Data repository scanning in 69 ms. Found 2 JPA repository interfaces.
2024-09-24T19:31:58.607+07:00  INFO 25204 --- [Aplikasi APIstudycase Springbeaidil] [main] o.hibernate.jpa.internal.util.LogHelper  : HHH000204: Processing PersistenceUnitInfo [name: default]
2024-09-24T19:31:58.764+07:00  INFO 25204 --- [Aplikasi APIstudycase Springbeaidil] [main] org.hibernate.Version                    : HHH000412: Hibernate ORM core version 6.5.2.Final
2024-09-24T19:31:58.873+07:00  INFO 25204 --- [Aplikasi APIstudycase Springbeaidil] [main] o.h.c.internal.RegionFactoryInitiator    : HHH000026: Second-level cache disabled
2024-09-24T19:31:59.155+07:00  INFO 25204 --- [Aplikasi APIstudycase Springbeaidil] [main] o.s.o.j.p.SpringPersistenceUnitInfo      : No LoadTimeWeaver setup: ignoring JPA class transformer
2024-09-24T19:31:59.202+07:00  INFO 25204 --- [Aplikasi APIstudycase Springbeaidil] [main] com.zaxxer.hikari.HikariDataSource       : HikariPool-1 - Starting...
2024-09-24T19:31:59.593+07:00  INFO 25204 --- [Aplikasi APIstudycase Springbeaidil] [main] com.zaxxer.hikari.pool.HikariPool        : HikariPool-1 - Added connection org.postgresql.jdbc.PgConnection@2447940d
2024-09-24T19:31:59.593+07:00  INFO 25204 --- [Aplikasi APIstudycase Springbeaidil] [main] com.zaxxer.hikari.HikariDataSource       : HikariPool-1 - Start completed.
2024-09-24T19:31:59.655+07:00  WARN 25204 --- [Aplikasi APIstudycase Springbeaidil] [main] org.hibernate.orm.deprecation            : HHH90000025: PostgreSQLDialect does not need to be specified explicitly using 'hibernate.dialect' (remove the property setting and it will be selected by default)
2024-09-24T19:32:01.203+07:00  INFO 25204 --- [Aplikasi APIstudycase Springbeaidil] [main] o.h.e.t.j.p.i.JtaPlatformInitiator       : HHH000489: No JTA platform available (set 'hibernate.transaction.jta.platform' to enable JTA platform integration)
2024-09-24T19:32:01.297+07:00  INFO 25204 --- [Aplikasi APIstudycase Springbeaidil] [main] j.LocalContainerEntityManagerFactoryBean : Initialized JPA EntityManagerFactory for persistence unit 'default'
2024-09-24T19:32:01.908+07:00  WARN 25204 --- [Aplikasi APIstudycase Springbeaidil] [main] r$InitializeUserDetailsManagerConfigurer : Global AuthenticationManager configured with an AuthenticationProvider bean. UserDetailsService beans will not be used for username/password login. Consider removing the AuthenticationProvider bean. Alternatively, consider using the UserDetailsService in a manually instantiated DaoAuthenticationProvider.
2024-09-24T19:32:01.955+07:00  WARN 25204 --- [Aplikasi APIstudycase Springbeaidil] [main] JpaBaseConfiguration$JpaWebConfiguration : spring.jpa.open-in-view is enabled by default. Therefore, database queries may be performed during view rendering. Explicitly configure spring.jpa.open-in-view to disable this warning
2024-09-24T19:32:02.924+07:00  INFO 25204 --- [Aplikasi APIstudycase Springbeaidil] [main] o.s.b.t.m.w.SpringBootMockServletContext : Initializing Spring TestDispatcherServlet ''
2024-09-24T19:32:02.924+07:00  INFO 25204 --- [Aplikasi APIstudycase Springbeaidil] [main] o.s.t.web.servlet.TestDispatcherServlet  : Initializing Servlet ''
2024-09-24T19:32:02.924+07:00  INFO 25204 --- [Aplikasi APIstudycase Springbeaidil] [main] o.s.t.web.servlet.TestDispatcherServlet  : Completed initialization in 0 ms
2024-09-24T19:32:02.956+07:00  INFO 25204 --- [Aplikasi APIstudycase Springbeaidil] [main] s.s.controller.EmployeeControllerTest    : Started EmployeeControllerTest in 8.42 seconds (process running for 10.311)
2024-09-24T19:32:03.409+07:00  WARN 25204 --- [Aplikasi APIstudycase Springbeaidil] [main] ration$PageModule$WarningLoggingModifier : Serializing PageImpl instances as-is is not supported, meaning that there is no guarantee about the stability of the resulting JSON structure!
	For a stable JSON structure, please use Spring Data's PagedModel (globally via @EnableSpringDataWebSupport(pageSerializationMode = VIA_DTO))
	or Spring HATEOAS and Spring Data's PagedResourcesAssembler as documented in https://docs.spring.io/spring-data/commons/reference/repositories/core-extensions.html#core.web.pageables.

2024-09-24T19:32:03.488+07:00  INFO 25204 --- [Aplikasi APIstudycase Springbeaidil] [SpringApplicationShutdownHook] j.LocalContainerEntityManagerFactoryBean : Closing JPA EntityManagerFactory for persistence unit 'default'
2024-09-24T19:32:03.488+07:00  INFO 25204 --- [Aplikasi APIstudycase Springbeaidil] [SpringApplicationShutdownHook] com.zaxxer.hikari.HikariDataSource       : HikariPool-1 - Shutdown initiated...
2024-09-24T19:32:03.488+07:00  INFO 25204 --- [Aplikasi APIstudycase Springbeaidil] [SpringApplicationShutdownHook] com.zaxxer.hikari.HikariDataSource       : HikariPool-1 - Shutdown completed.
2024-09-24T19:34:47.465+07:00  INFO 26936 --- [Aplikasi APIstudycase Springbeaidil] [main] s.s.controller.EmployeeControllerTest    : Starting EmployeeControllerTest using Java 22.0.2 with PID 26936 (started by Aidil Adam in E:\Study Case BE PT. Energi Jaring Komunikasi\aplikasi-apistudycase-springbeaidil\aplikasi-apistudycase-springbeaidil)
2024-09-24T19:34:47.480+07:00  INFO 26936 --- [Aplikasi APIstudycase Springbeaidil] [main] s.s.controller.EmployeeControllerTest    : No active profile set, falling back to 1 default profile: "default"
2024-09-24T19:34:48.748+07:00  INFO 26936 --- [Aplikasi APIstudycase Springbeaidil] [main] .s.d.r.c.RepositoryConfigurationDelegate : Bootstrapping Spring Data JPA repositories in DEFAULT mode.
2024-09-24T19:34:48.842+07:00  INFO 26936 --- [Aplikasi APIstudycase Springbeaidil] [main] .s.d.r.c.RepositoryConfigurationDelegate : Finished Spring Data repository scanning in 78 ms. Found 2 JPA repository interfaces.
2024-09-24T19:34:51.554+07:00  INFO 26936 --- [Aplikasi APIstudycase Springbeaidil] [main] o.hibernate.jpa.internal.util.LogHelper  : HHH000204: Processing PersistenceUnitInfo [name: default]
2024-09-24T19:34:51.709+07:00  INFO 26936 --- [Aplikasi APIstudycase Springbeaidil] [main] org.hibernate.Version                    : HHH000412: Hibernate ORM core version 6.5.2.Final
2024-09-24T19:34:51.788+07:00  INFO 26936 --- [Aplikasi APIstudycase Springbeaidil] [main] o.h.c.internal.RegionFactoryInitiator    : HHH000026: Second-level cache disabled
2024-09-24T19:34:52.101+07:00  INFO 26936 --- [Aplikasi APIstudycase Springbeaidil] [main] o.s.o.j.p.SpringPersistenceUnitInfo      : No LoadTimeWeaver setup: ignoring JPA class transformer
2024-09-24T19:34:52.165+07:00  INFO 26936 --- [Aplikasi APIstudycase Springbeaidil] [main] com.zaxxer.hikari.HikariDataSource       : HikariPool-1 - Starting...
2024-09-24T19:34:52.634+07:00  INFO 26936 --- [Aplikasi APIstudycase Springbeaidil] [main] com.zaxxer.hikari.pool.HikariPool        : HikariPool-1 - Added connection org.postgresql.jdbc.PgConnection@1a8e44fe
2024-09-24T19:34:52.650+07:00  INFO 26936 --- [Aplikasi APIstudycase Springbeaidil] [main] com.zaxxer.hikari.HikariDataSource       : HikariPool-1 - Start completed.
2024-09-24T19:34:52.760+07:00  WARN 26936 --- [Aplikasi APIstudycase Springbeaidil] [main] org.hibernate.orm.deprecation            : HHH90000025: PostgreSQLDialect does not need to be specified explicitly using 'hibernate.dialect' (remove the property setting and it will be selected by default)
2024-09-24T19:34:54.524+07:00  INFO 26936 --- [Aplikasi APIstudycase Springbeaidil] [main] o.h.e.t.j.p.i.JtaPlatformInitiator       : HHH000489: No JTA platform available (set 'hibernate.transaction.jta.platform' to enable JTA platform integration)
2024-09-24T19:34:54.618+07:00  INFO 26936 --- [Aplikasi APIstudycase Springbeaidil] [main] j.LocalContainerEntityManagerFactoryBean : Initialized JPA EntityManagerFactory for persistence unit 'default'
2024-09-24T19:34:55.338+07:00  WARN 26936 --- [Aplikasi APIstudycase Springbeaidil] [main] r$InitializeUserDetailsManagerConfigurer : Global AuthenticationManager configured with an AuthenticationProvider bean. UserDetailsService beans will not be used for username/password login. Consider removing the AuthenticationProvider bean. Alternatively, consider using the UserDetailsService in a manually instantiated DaoAuthenticationProvider.
2024-09-24T19:34:55.385+07:00  WARN 26936 --- [Aplikasi APIstudycase Springbeaidil] [main] JpaBaseConfiguration$JpaWebConfiguration : spring.jpa.open-in-view is enabled by default. Therefore, database queries may be performed during view rendering. Explicitly configure spring.jpa.open-in-view to disable this warning
2024-09-24T19:34:56.418+07:00  INFO 26936 --- [Aplikasi APIstudycase Springbeaidil] [main] o.s.b.t.m.w.SpringBootMockServletContext : Initializing Spring TestDispatcherServlet ''
2024-09-24T19:34:56.418+07:00  INFO 26936 --- [Aplikasi APIstudycase Springbeaidil] [main] o.s.t.web.servlet.TestDispatcherServlet  : Initializing Servlet ''
2024-09-24T19:34:56.418+07:00  INFO 26936 --- [Aplikasi APIstudycase Springbeaidil] [main] o.s.t.web.servlet.TestDispatcherServlet  : Completed initialization in 0 ms
2024-09-24T19:34:56.449+07:00  INFO 26936 --- [Aplikasi APIstudycase Springbeaidil] [main] s.s.controller.EmployeeControllerTest    : Started EmployeeControllerTest in 9.72 seconds (process running for 11.968)
2024-09-24T19:34:57.015+07:00  WARN 26936 --- [Aplikasi APIstudycase Springbeaidil] [main] ration$PageModule$WarningLoggingModifier : Serializing PageImpl instances as-is is not supported, meaning that there is no guarantee about the stability of the resulting JSON structure!
	For a stable JSON structure, please use Spring Data's PagedModel (globally via @EnableSpringDataWebSupport(pageSerializationMode = VIA_DTO))
	or Spring HATEOAS and Spring Data's PagedResourcesAssembler as documented in https://docs.spring.io/spring-data/commons/reference/repositories/core-extensions.html#core.web.pageables.

2024-09-24T19:34:57.140+07:00  INFO 26936 --- [Aplikasi APIstudycase Springbeaidil] [SpringApplicationShutdownHook] j.LocalContainerEntityManagerFactoryBean : Closing JPA EntityManagerFactory for persistence unit 'default'
2024-09-24T19:34:57.140+07:00  INFO 26936 --- [Aplikasi APIstudycase Springbeaidil] [SpringApplicationShutdownHook] com.zaxxer.hikari.HikariDataSource       : HikariPool-1 - Shutdown initiated...
2024-09-24T19:34:57.156+07:00  INFO 26936 --- [Aplikasi APIstudycase Springbeaidil] [SpringApplicationShutdownHook] com.zaxxer.hikari.HikariDataSource       : HikariPool-1 - Shutdown completed.
